C:\WORK\GLOG-0.3.3\VSPROJECTS\LIBGLOG_STATIC\DEBUG\LOGGING.OBJ
C:\WORK\GLOG-0.3.3\VSPROJECTS\LIBGLOG_STATIC\DEBUG\PORT.OBJ
C:\WORK\GLOG-0.3.3\VSPROJECTS\LIBGLOG_STATIC\DEBUG\RAW_LOGGING.OBJ
C:\WORK\GLOG-0.3.3\VSPROJECTS\LIBGLOG_STATIC\DEBUG\UTILITIES.OBJ
C:\WORK\GLOG-0.3.3\VSPROJECTS\LIBGLOG_STATIC\DEBUG\VLOG_IS_ON.OBJ
C:\WORK\GLOG-0.3.3\VSPROJECTS\LIBGLOG_STATIC\DEBUG\VC110.PDB
C:\WORK\GLOG-0.3.3\DEBUG\LIBGLOG_STATIC.LIB
C:\work\glog-0.3.3\vsprojects\libglog_static\Debug\logging.obj
C:\work\glog-0.3.3\vsprojects\libglog_static\Debug\port.obj
C:\work\glog-0.3.3\vsprojects\libglog_static\Debug\raw_logging.obj
C:\work\glog-0.3.3\vsprojects\libglog_static\Debug\utilities.obj
C:\work\glog-0.3.3\vsprojects\libglog_static\Debug\vlog_is_on.obj
C:\work\glog-0.3.3\vsprojects\libglog_static\Debug\cl.command.1.tlog
C:\work\glog-0.3.3\vsprojects\libglog_static\Debug\CL.read.1.tlog
C:\work\glog-0.3.3\vsprojects\libglog_static\Debug\CL.write.1.tlog
C:\work\glog-0.3.3\vsprojects\libglog_static\Debug\Lib-link.read.1.tlog
C:\work\glog-0.3.3\vsprojects\libglog_static\Debug\Lib-link.write.1.tlog
C:\work\glog-0.3.3\vsprojects\libglog_static\Debug\lib.command.1.tlog
C:\work\glog-0.3.3\vsprojects\libglog_static\Debug\vc110.idb
C:\work\glog-0.3.3\vsprojects\libglog_static\Debug\vc110.pdb
C:\work\glog-0.3.3\Debug\libglog_static.lib
