C:\WORK\GLOG-0.3.3\VSPROJECTS\LIBGLOG\DEBUG\LOGGING.OBJ
C:\WORK\GLOG-0.3.3\VSPROJECTS\LIBGLOG\DEBUG\PORT.OBJ
C:\WORK\GLOG-0.3.3\VSPROJECTS\LIBGLOG\DEBUG\RAW_LOGGING.OBJ
C:\WORK\GLOG-0.3.3\VSPROJECTS\LIBGLOG\DEBUG\UTILITIES.OBJ
C:\WORK\GLOG-0.3.3\VSPROJECTS\LIBGLOG\DEBUG\VLOG_IS_ON.OBJ
C:\WORK\GLOG-0.3.3\VSPROJECTS\LIBGLOG\DEBUG\VC110.PDB
C:\work\glog-0.3.3\Debug\libglog.lib
C:\work\glog-0.3.3\Debug\libglog.exp
C:\work\glog-0.3.3\vsprojects\libglog\Debug\logging.obj
C:\work\glog-0.3.3\vsprojects\libglog\Debug\port.obj
C:\work\glog-0.3.3\vsprojects\libglog\Debug\raw_logging.obj
C:\work\glog-0.3.3\vsprojects\libglog\Debug\utilities.obj
C:\work\glog-0.3.3\vsprojects\libglog\Debug\vlog_is_on.obj
C:\work\glog-0.3.3\vsprojects\libglog\Debug\cl.command.1.tlog
C:\work\glog-0.3.3\vsprojects\libglog\Debug\CL.read.1.tlog
C:\work\glog-0.3.3\vsprojects\libglog\Debug\CL.write.1.tlog
C:\work\glog-0.3.3\vsprojects\libglog\Debug\libglog.write.1.tlog
C:\work\glog-0.3.3\vsprojects\libglog\Debug\link-cvtres.read.1.tlog
C:\work\glog-0.3.3\vsprojects\libglog\Debug\link-cvtres.write.1.tlog
C:\work\glog-0.3.3\vsprojects\libglog\Debug\link-rc.read.1.tlog
C:\work\glog-0.3.3\vsprojects\libglog\Debug\link-rc.write.1.tlog
C:\work\glog-0.3.3\vsprojects\libglog\Debug\link.9272-cvtres.read.1.tlog
C:\work\glog-0.3.3\vsprojects\libglog\Debug\link.9272-cvtres.write.1.tlog
C:\work\glog-0.3.3\vsprojects\libglog\Debug\link.9272-rc.read.1.tlog
C:\work\glog-0.3.3\vsprojects\libglog\Debug\link.9272-rc.write.1.tlog
C:\work\glog-0.3.3\vsprojects\libglog\Debug\link.9272.read.1.tlog
C:\work\glog-0.3.3\vsprojects\libglog\Debug\link.9272.write.1.tlog
C:\work\glog-0.3.3\vsprojects\libglog\Debug\link.command.1.tlog
C:\work\glog-0.3.3\vsprojects\libglog\Debug\link.read.1.tlog
C:\work\glog-0.3.3\vsprojects\libglog\Debug\link.write.1.tlog
C:\work\glog-0.3.3\vsprojects\libglog\Debug\vc110.idb
C:\work\glog-0.3.3\vsprojects\libglog\Debug\vc110.pdb
C:\work\glog-0.3.3\Debug\libglog.pdb
C:\work\glog-0.3.3\Debug\libglog.dll
C:\work\glog-0.3.3\Debug\libglog.ilk
