C:\MARIVA_SVN_EDF\external_libs\blitz-0.9\Blitz-Examples\simple\Win32\Debug\cl.command.1.tlog
C:\MARIVA_SVN_EDF\external_libs\blitz-0.9\Blitz-Examples\simple\Win32\Debug\CL.read.1.tlog
C:\MARIVA_SVN_EDF\external_libs\blitz-0.9\Blitz-Examples\simple\Win32\Debug\CL.write.1.tlog
C:\MARIVA_SVN_EDF\external_libs\blitz-0.9\Blitz-Examples\simple\Win32\Debug\link.5892.read.1.tlog
C:\MARIVA_SVN_EDF\external_libs\blitz-0.9\Blitz-Examples\simple\Win32\Debug\link.5892.write.1.tlog
C:\MARIVA_SVN_EDF\external_libs\blitz-0.9\Blitz-Examples\simple\Win32\Debug\link.5892-cvtres.read.1.tlog
C:\MARIVA_SVN_EDF\external_libs\blitz-0.9\Blitz-Examples\simple\Win32\Debug\link.5892-cvtres.write.1.tlog
C:\MARIVA_SVN_EDF\external_libs\blitz-0.9\Blitz-Examples\simple\Win32\Debug\link.command.1.tlog
C:\MARIVA_SVN_EDF\external_libs\blitz-0.9\Blitz-Examples\simple\Win32\Debug\link.read.1.tlog
C:\MARIVA_SVN_EDF\external_libs\blitz-0.9\Blitz-Examples\simple\Win32\Debug\link.write.1.tlog
C:\MARIVA_SVN_EDF\external_libs\blitz-0.9\Blitz-Examples\simple\Win32\Debug\link-cvtres.read.1.tlog
C:\MARIVA_SVN_EDF\external_libs\blitz-0.9\Blitz-Examples\simple\Win32\Debug\link-cvtres.write.1.tlog
C:\MARIVA_SVN_EDF\external_libs\blitz-0.9\Blitz-Examples\simple\Win32\Debug\mt.command.1.tlog
C:\MARIVA_SVN_EDF\external_libs\blitz-0.9\Blitz-Examples\simple\Win32\Debug\mt.read.1.tlog
C:\MARIVA_SVN_EDF\external_libs\blitz-0.9\Blitz-Examples\simple\Win32\Debug\mt.write.1.tlog
C:\MARIVA_SVN_EDF\external_libs\blitz-0.9\Blitz-Examples\simple\Win32\Debug\rc.command.1.tlog
C:\MARIVA_SVN_EDF\external_libs\blitz-0.9\Blitz-Examples\simple\Win32\Debug\rc.read.1.tlog
C:\MARIVA_SVN_EDF\external_libs\blitz-0.9\Blitz-Examples\simple\Win32\Debug\rc.write.1.tlog
C:\MARIVA_SVN_EDF\EXTERNAL_LIBS\BLITZ-0.9\BLITZ-EXAMPLES\SIMPLE\WIN32\DEBUG\SIMPLE.EXE
C:\MARIVA_SVN_EDF\EXTERNAL_LIBS\BLITZ-0.9\BLITZ-EXAMPLES\SIMPLE\WIN32\DEBUG\SIMPLE.EXE.EMBED.MANIFEST
C:\MARIVA_SVN_EDF\EXTERNAL_LIBS\BLITZ-0.9\BLITZ-EXAMPLES\SIMPLE\WIN32\DEBUG\SIMPLE.EXE.EMBED.MANIFEST.RES
C:\MARIVA_SVN_EDF\EXTERNAL_LIBS\BLITZ-0.9\BLITZ-EXAMPLES\SIMPLE\WIN32\DEBUG\SIMPLE.EXE.INTERMEDIATE.MANIFEST
C:\MARIVA_SVN_EDF\EXTERNAL_LIBS\BLITZ-0.9\BLITZ-EXAMPLES\SIMPLE\WIN32\DEBUG\SIMPLE.ILK
C:\MARIVA_SVN_EDF\EXTERNAL_LIBS\BLITZ-0.9\BLITZ-EXAMPLES\SIMPLE\WIN32\DEBUG\SIMPLE.OBJ
C:\MARIVA_SVN_EDF\external_libs\blitz-0.9\Blitz-Examples\simple\Win32\Debug\simple.write.1.tlog
C:\MARIVA_SVN_EDF\external_libs\blitz-0.9\Blitz-Examples\simple\Win32\Debug\simple_manifest.rc
C:\MARIVA_SVN_EDF\external_libs\blitz-0.9\Blitz-Examples\simple\Win32\Debug\vc100.idb
C:\MARIVA_SVN_EDF\EXTERNAL_LIBS\BLITZ-0.9\BLITZ-EXAMPLES\SIMPLE\WIN32\DEBUG\VC100.PDB
Win32\Debug\simple.ilk
