C:\MARIVA_SVN_EDF\EXTERNAL_LIBS\BLITZ-0.9\BLITZ-EXAMPLES\ARRAY\WIN32\DEBUG\ARRAY.EXE
C:\MARIVA_SVN_EDF\EXTERNAL_LIBS\BLITZ-0.9\BLITZ-EXAMPLES\ARRAY\WIN32\DEBUG\ARRAY.EXE.EMBED.MANIFEST
C:\MARIVA_SVN_EDF\EXTERNAL_LIBS\BLITZ-0.9\BLITZ-EXAMPLES\ARRAY\WIN32\DEBUG\ARRAY.EXE.EMBED.MANIFEST.RES
C:\MARIVA_SVN_EDF\EXTERNAL_LIBS\BLITZ-0.9\BLITZ-EXAMPLES\ARRAY\WIN32\DEBUG\ARRAY.EXE.INTERMEDIATE.MANIFEST
C:\MARIVA_SVN_EDF\EXTERNAL_LIBS\BLITZ-0.9\BLITZ-EXAMPLES\ARRAY\WIN32\DEBUG\ARRAY.ILK
C:\MARIVA_SVN_EDF\EXTERNAL_LIBS\BLITZ-0.9\BLITZ-EXAMPLES\ARRAY\WIN32\DEBUG\ARRAY.OBJ
C:\MARIVA_SVN_EDF\external_libs\blitz-0.9\Blitz-Examples\array\Win32\Debug\array.write.1.tlog
C:\MARIVA_SVN_EDF\external_libs\blitz-0.9\Blitz-Examples\array\Win32\Debug\array_manifest.rc
C:\MARIVA_SVN_EDF\external_libs\blitz-0.9\Blitz-Examples\array\Win32\Debug\cl.command.1.tlog
C:\MARIVA_SVN_EDF\external_libs\blitz-0.9\Blitz-Examples\array\Win32\Debug\CL.read.1.tlog
C:\MARIVA_SVN_EDF\external_libs\blitz-0.9\Blitz-Examples\array\Win32\Debug\CL.write.1.tlog
C:\MARIVA_SVN_EDF\external_libs\blitz-0.9\Blitz-Examples\array\Win32\Debug\link.3720.read.1.tlog
C:\MARIVA_SVN_EDF\external_libs\blitz-0.9\Blitz-Examples\array\Win32\Debug\link.3720.write.1.tlog
C:\MARIVA_SVN_EDF\external_libs\blitz-0.9\Blitz-Examples\array\Win32\Debug\link.3720-cvtres.read.1.tlog
C:\MARIVA_SVN_EDF\external_libs\blitz-0.9\Blitz-Examples\array\Win32\Debug\link.3720-cvtres.write.1.tlog
C:\MARIVA_SVN_EDF\external_libs\blitz-0.9\Blitz-Examples\array\Win32\Debug\link.command.1.tlog
C:\MARIVA_SVN_EDF\external_libs\blitz-0.9\Blitz-Examples\array\Win32\Debug\link.read.1.tlog
C:\MARIVA_SVN_EDF\external_libs\blitz-0.9\Blitz-Examples\array\Win32\Debug\link.write.1.tlog
C:\MARIVA_SVN_EDF\external_libs\blitz-0.9\Blitz-Examples\array\Win32\Debug\link-cvtres.read.1.tlog
C:\MARIVA_SVN_EDF\external_libs\blitz-0.9\Blitz-Examples\array\Win32\Debug\link-cvtres.write.1.tlog
C:\MARIVA_SVN_EDF\external_libs\blitz-0.9\Blitz-Examples\array\Win32\Debug\mt.command.1.tlog
C:\MARIVA_SVN_EDF\external_libs\blitz-0.9\Blitz-Examples\array\Win32\Debug\mt.read.1.tlog
C:\MARIVA_SVN_EDF\external_libs\blitz-0.9\Blitz-Examples\array\Win32\Debug\mt.write.1.tlog
C:\MARIVA_SVN_EDF\external_libs\blitz-0.9\Blitz-Examples\array\Win32\Debug\rc.command.1.tlog
C:\MARIVA_SVN_EDF\external_libs\blitz-0.9\Blitz-Examples\array\Win32\Debug\rc.read.1.tlog
C:\MARIVA_SVN_EDF\external_libs\blitz-0.9\Blitz-Examples\array\Win32\Debug\rc.write.1.tlog
C:\MARIVA_SVN_EDF\external_libs\blitz-0.9\Blitz-Examples\array\Win32\Debug\ResolveAssemblyReference.cache
C:\MARIVA_SVN_EDF\external_libs\blitz-0.9\Blitz-Examples\array\Win32\Debug\vc100.idb
C:\MARIVA_SVN_EDF\EXTERNAL_LIBS\BLITZ-0.9\BLITZ-EXAMPLES\ARRAY\WIN32\DEBUG\VC100.PDB
Win32\Debug\array.ilk
